<html>
<head>
<title>TestNG:  Command line test</title>
<link href="../testng.css" rel="stylesheet" type="text/css" />
<link href="../my-testng.css" rel="stylesheet" type="text/css" />

<style type="text/css">
.log { display: none;} 
.stack-trace { display: none;} 
</style>
<script type="text/javascript">
<!--
function flip(e) {
  current = e.style.display;
  if (current == 'block') {
    e.style.display = 'none';
    return 0;
  }
  else {
    e.style.display = 'block';
    return 1;
  }
}

function toggleBox(szDivId, elem, msg1, msg2)
{
  var res = -1;  if (document.getElementById) {
    res = flip(document.getElementById(szDivId));
  }
  else if (document.all) {
    // this is the way old msie versions work
    res = flip(document.all[szDivId]);
  }
  if(elem) {
    if(res == 0) elem.innerHTML = msg1; else elem.innerHTML = msg2;
  }

}

function toggleAllBoxes() {
  if (document.getElementsByTagName) {
    d = document.getElementsByTagName('div');
    for (i = 0; i < d.length; i++) {
      if (d[i].className == 'log') {
        flip(d[i]);
      }
    }
  }
}

// -->
</script>

</head>
<body>
<h2 align='center'>Command line test</h2><table border='1' align="center">
<tr>
<td>Tests passed/Failed/Skipped:</td><td>11/1/0</td>
</tr><tr>
<td>Started on:</td><td>Fri Oct 12 23:26:21 CST 2012</td>
</tr>
<tr><td>Total time:</td><td>0 seconds (81 ms)</td>
</tr><tr>
<td>Included groups:</td><td></td>
</tr><tr>
<td>Excluded groups:</td><td></td>
</tr>
</table><p/>
<small><i>(Hover the method name to see the test class name)</i></small><p/>
<table width='100%' border='1' class='invocation-failed'>
<tr><td colspan='3' align='center'><b>FAILED TESTS</b></td></tr>
<tr><td><b>Test method</b></td>
<td width="10%"><b>Time (seconds)</b></td>
<td width="30%"><b>Exception</b></td>
</tr>
<tr>
<td title='com.sktest.DbMysqlDriverTest.testQuery()'>testQuery</td>
<td>0</td>
<td><div><pre>java.lang.NoClassDefFoundError: com/mysql/jdbc/Driver
	at com.shopkeeper.db.DbMysqlDriver.connect(DbMysqlDriver.java:54)
	at com.shopkeeper.db.DbMysqlDriver.&lt;init&gt;(DbMysqlDriver.java:48)
	at com.shopkeeper.db.DatabaseDriverFactory.defaultDriver(DatabaseDriverFactory.java:23)
	at com.sktest.DbMysqlDriverTest.testQuery(DbMysqlDriverTest.java:24)
	at java.util.concurrent.ThreadPoolExecutor.runWorker(ThreadPoolExecutor.java:1110)
	at java.util.concurrent.ThreadPoolExecutor$Worker.run(ThreadPoolExecutor.java:603)
	at java.lang.Thread.run(Thread.java:722)
Caused by: java.lang.ClassNotFoundException: com.mysql.jdbc.Driver
	at java.net.URLClassLoader$1.run(URLClassLoader.java:366)
	at java.net.URLClassLoader$1.run(URLClassLoader.java:355)
	at java.security.AccessController.doPrivileged(Native Method)
	at java.net.URLClassLoader.findClass(URLClassLoader.java:354)
	at java.lang.ClassLoader.loadClass(ClassLoader.java:423)
	at sun.misc.Launcher$AppClassLoader.loadClass(Launcher.java:308)
	at java.lang.ClassLoader.loadClass(ClassLoader.java:356)
	... 18 more
... Removed 11 stack frames</pre></div><a href='#' onClick='toggleBox("stack-trace1338805489", this, "Click to show all stack frames", "Click to hide stack frames")'>Click to show all stack frames</a>
<div class='stack-trace' id='stack-trace1338805489'><pre>java.lang.NoClassDefFoundError: com/mysql/jdbc/Driver
	at com.shopkeeper.db.DbMysqlDriver.connect(DbMysqlDriver.java:54)
	at com.shopkeeper.db.DbMysqlDriver.&lt;init&gt;(DbMysqlDriver.java:48)
	at com.shopkeeper.db.DatabaseDriverFactory.defaultDriver(DatabaseDriverFactory.java:23)
	at com.sktest.DbMysqlDriverTest.testQuery(DbMysqlDriverTest.java:24)
	at sun.reflect.NativeMethodAccessorImpl.invoke0(Native Method)
	at sun.reflect.NativeMethodAccessorImpl.invoke(NativeMethodAccessorImpl.java:57)
	at sun.reflect.DelegatingMethodAccessorImpl.invoke(DelegatingMethodAccessorImpl.java:43)
	at java.lang.reflect.Method.invoke(Method.java:601)
	at org.testng.internal.MethodHelper.invokeMethod(MethodHelper.java:580)
	at org.testng.internal.Invoker.invokeMethod(Invoker.java:478)
	at org.testng.internal.Invoker.invokeTestMethod(Invoker.java:617)
	at org.testng.internal.Invoker.invokeTestMethods(Invoker.java:885)
	at org.testng.internal.TestMethodWorker.invokeTestMethods(TestMethodWorker.java:126)
	at org.testng.internal.TestMethodWorker.run(TestMethodWorker.java:110)
	at org.testng.internal.thread.ThreadUtil$CountDownLatchedRunnable.run(ThreadUtil.java:132)
	at java.util.concurrent.ThreadPoolExecutor.runWorker(ThreadPoolExecutor.java:1110)
	at java.util.concurrent.ThreadPoolExecutor$Worker.run(ThreadPoolExecutor.java:603)
	at java.lang.Thread.run(Thread.java:722)
Caused by: java.lang.ClassNotFoundException: com.mysql.jdbc.Driver
	at java.net.URLClassLoader$1.run(URLClassLoader.java:366)
	at java.net.URLClassLoader$1.run(URLClassLoader.java:355)
	at java.security.AccessController.doPrivileged(Native Method)
	at java.net.URLClassLoader.findClass(URLClassLoader.java:354)
	at java.lang.ClassLoader.loadClass(ClassLoader.java:423)
	at sun.misc.Launcher$AppClassLoader.loadClass(Launcher.java:308)
	at java.lang.ClassLoader.loadClass(ClassLoader.java:356)
	... 18 more
</pre></div></td>
</tr>
</table><p>
<table width='100%' border='1' class='invocation-passed'>
<tr><td colspan='3' align='center'><b>PASSED TESTS</b></td></tr>
<tr><td><b>Test method</b></td>
<td width="10%"><b>Time (seconds)</b></td>
<td width="30%"><b>Exception</b></td>
</tr>
<tr>
<td title='com.sktest.DbMysqlDriverTest.testClose()'>testClose</td>
<td>0</td>
<td></td>
</tr>
<tr>
<td title='com.sktest.DbMysqlDriverTest.testCommit()'>testCommit</td>
<td>0</td>
<td></td>
</tr>
<tr>
<td title='com.sktest.DbMysqlDriverTest.testDelete()'>testDelete</td>
<td>0</td>
<td></td>
</tr>
<tr>
<td title='com.sktest.DbMysqlDriverTest.testExecute()'>testExecute</td>
<td>0</td>
<td></td>
</tr>
<tr>
<td title='com.sktest.DbMysqlDriverTest.testExecuteUpdate()'>testExecuteUpdate</td>
<td>0</td>
<td></td>
</tr>
<tr>
<td title='com.sktest.DbMysqlDriverTest.testFree()'>testFree</td>
<td>0</td>
<td></td>
</tr>
<tr>
<td title='com.sktest.DbMysqlDriverTest.testInsert()'>testInsert</td>
<td>0</td>
<td></td>
</tr>
<tr>
<td title='com.sktest.DbMysqlDriverTest.testRollback()'>testRollback</td>
<td>0</td>
<td></td>
</tr>
<tr>
<td title='com.sktest.DbMysqlDriverTest.testSelect()'>testSelect</td>
<td>0</td>
<td></td>
</tr>
<tr>
<td title='com.sktest.DbMysqlDriverTest.testStartTrans()'>testStartTrans</td>
<td>0</td>
<td></td>
</tr>
<tr>
<td title='com.sktest.DbMysqlDriverTest.testUpdate()'>testUpdate</td>
<td>0</td>
<td></td>
</tr>
</table><p>
</body>
</html>