<testng-results>
  <reporter-output>
  </reporter-output>
  <suite name="Command line suite">
    <groups>
    </groups>
    <test name="Command line test">
      <class name="com.rop.other.ClassTest">
        <test-method status="PASS" signature="testAssignableFrom()" name="testAssignableFrom" duration-ms="0" started-at="2012-11-15T20:16:09Z" finished-at="2012-11-15T20:16:09Z">
        </test-method>
        <test-method status="PASS" signature="modeInt()" name="modeInt" duration-ms="2" started-at="2012-11-15T20:16:09Z" finished-at="2012-11-15T20:16:09Z">
        </test-method>
      </class>
      <class name="com.rop.impl.FormattingConversionServiceTest">
        <test-method status="PASS" signature="testDoBind()" name="testDoBind" duration-ms="389" started-at="2012-11-15T20:16:08Z" finished-at="2012-11-15T20:16:09Z">
        </test-method>
      </class>
      <class name="com.rop.impl.ServletRequestContextBuilderTest">
        <test-method status="PASS" signature="testBuildBySysParams1()" name="testBuildBySysParams1" duration-ms="26" started-at="2012-11-15T20:16:09Z" finished-at="2012-11-15T20:16:09Z">
        </test-method>
        <test-method status="PASS" signature="testBindBusinessParams()" name="testBindBusinessParams" duration-ms="0" started-at="2012-11-15T20:16:09Z" finished-at="2012-11-15T20:16:09Z">
        </test-method>
        <test-method status="PASS" signature="testIpParsed()" name="testIpParsed" duration-ms="1" started-at="2012-11-15T20:16:09Z" finished-at="2012-11-15T20:16:09Z">
        </test-method>
        <test-method status="PASS" signature="testBuildBySysParams2()" name="testBuildBySysParams2" duration-ms="1" started-at="2012-11-15T20:16:09Z" finished-at="2012-11-15T20:16:09Z">
        </test-method>
        <test-method status="PASS" signature="testBuildBySysParams3()" name="testBuildBySysParams3" duration-ms="0" started-at="2012-11-15T20:16:09Z" finished-at="2012-11-15T20:16:09Z">
          <exception class="java.lang.IllegalArgumentException">
            <message>
              <![CDATA[请求对象必须是HttpServletRequest的类型]]>
            </message>
            <full-stacktrace>
              <![CDATA[java.lang.IllegalArgumentException: 请求对象必须是HttpServletRequest的类型
	at com.rop.impl.ServletRequestContextBuilder.buildBySysParams(ServletRequestContextBuilder.java:62)
	at com.rop.impl.ServletRequestContextBuilderTest.testBuildBySysParams3(ServletRequestContextBuilderTest.java:149)
	at sun.reflect.NativeMethodAccessorImpl.invoke0(Native Method)
	at sun.reflect.NativeMethodAccessorImpl.invoke(NativeMethodAccessorImpl.java:39)
	at sun.reflect.DelegatingMethodAccessorImpl.invoke(DelegatingMethodAccessorImpl.java:25)
	at java.lang.reflect.Method.invoke(Method.java:597)
	at org.testng.internal.MethodHelper.invokeMethod(MethodHelper.java:580)
	at org.testng.internal.Invoker.invokeMethod(Invoker.java:478)
	at org.testng.internal.Invoker.invokeTestMethod(Invoker.java:617)
	at org.testng.internal.Invoker.invokeTestMethods(Invoker.java:885)
	at org.testng.internal.TestMethodWorker.invokeTestMethods(TestMethodWorker.java:126)
	at org.testng.internal.TestMethodWorker.run(TestMethodWorker.java:110)
	at org.testng.TestRunner.runWorkers(TestRunner.java:712)
	at org.testng.TestRunner.privateRun(TestRunner.java:582)
	at org.testng.TestRunner.run(TestRunner.java:477)
	at org.testng.SuiteRunner.runTest(SuiteRunner.java:324)
	at org.testng.SuiteRunner.runSequentially(SuiteRunner.java:319)
	at org.testng.SuiteRunner.privateRun(SuiteRunner.java:292)
	at org.testng.SuiteRunner.run(SuiteRunner.java:198)
	at org.testng.TestNG.createAndRunSuiteRunners(TestNG.java:821)
	at org.testng.TestNG.runSuitesLocally(TestNG.java:788)
	at org.testng.TestNG.run(TestNG.java:708)
	at org.apache.maven.surefire.testng.TestNGExecutor.run(TestNGExecutor.java:60)
	at org.apache.maven.surefire.testng.TestNGDirectoryTestSuite.executeMulti(TestNGDirectoryTestSuite.java:153)
	at org.apache.maven.surefire.testng.TestNGDirectoryTestSuite.execute(TestNGDirectoryTestSuite.java:99)
	at org.apache.maven.surefire.testng.TestNGProvider.invoke(TestNGProvider.java:111)
	at sun.reflect.NativeMethodAccessorImpl.invoke0(Native Method)
	at sun.reflect.NativeMethodAccessorImpl.invoke(NativeMethodAccessorImpl.java:39)
	at sun.reflect.DelegatingMethodAccessorImpl.invoke(DelegatingMethodAccessorImpl.java:25)
	at java.lang.reflect.Method.invoke(Method.java:597)
	at org.apache.maven.surefire.booter.ProviderFactory$ClassLoaderProxy.invoke(ProviderFactory.java:103)
	at $Proxy0.invoke(Unknown Source)
	at org.apache.maven.surefire.booter.SurefireStarter.invokeProvider(SurefireStarter.java:150)
	at org.apache.maven.surefire.booter.SurefireStarter.runSuitesInProcess(SurefireStarter.java:91)
	at org.apache.maven.surefire.booter.ForkedBooter.main(ForkedBooter.java:69)
]]>
            </full-stacktrace>
          </exception>
        </test-method>
      </class>
      <class name="com.rop.client.DefaultRopClientTest">
        <test-method status="PASS" signature="testPostWithSession()" name="testPostWithSession" duration-ms="0" started-at="2012-11-15T20:16:08Z" finished-at="2012-11-15T20:16:08Z">
        </test-method>
      </class>
      <class name="com.rop.annotation.HttpActionTest">
        <test-method status="PASS" signature="testValueOf()" name="testValueOf" duration-ms="2" started-at="2012-11-15T20:16:08Z" finished-at="2012-11-15T20:16:08Z">
        </test-method>
        <test-method status="PASS" signature="invalidValueOf()" name="invalidValueOf" duration-ms="3" started-at="2012-11-15T20:16:08Z" finished-at="2012-11-15T20:16:08Z">
          <exception class="java.lang.IllegalArgumentException">
            <message>
              <![CDATA[No enum const class com.rop.annotation.HttpAction.get]]>
            </message>
            <full-stacktrace>
              <![CDATA[java.lang.IllegalArgumentException: No enum const class com.rop.annotation.HttpAction.get
	at java.lang.Enum.valueOf(Enum.java:196)
	at com.rop.annotation.HttpAction.valueOf(HttpAction.java:15)
	at com.rop.annotation.HttpActionTest.invalidValueOf(HttpActionTest.java:28)
	at sun.reflect.NativeMethodAccessorImpl.invoke0(Native Method)
	at sun.reflect.NativeMethodAccessorImpl.invoke(NativeMethodAccessorImpl.java:39)
	at sun.reflect.DelegatingMethodAccessorImpl.invoke(DelegatingMethodAccessorImpl.java:25)
	at java.lang.reflect.Method.invoke(Method.java:597)
	at org.testng.internal.MethodHelper.invokeMethod(MethodHelper.java:580)
	at org.testng.internal.Invoker.invokeMethod(Invoker.java:478)
	at org.testng.internal.Invoker.invokeTestMethod(Invoker.java:617)
	at org.testng.internal.Invoker.invokeTestMethods(Invoker.java:885)
	at org.testng.internal.TestMethodWorker.invokeTestMethods(TestMethodWorker.java:126)
	at org.testng.internal.TestMethodWorker.run(TestMethodWorker.java:110)
	at org.testng.TestRunner.runWorkers(TestRunner.java:712)
	at org.testng.TestRunner.privateRun(TestRunner.java:582)
	at org.testng.TestRunner.run(TestRunner.java:477)
	at org.testng.SuiteRunner.runTest(SuiteRunner.java:324)
	at org.testng.SuiteRunner.runSequentially(SuiteRunner.java:319)
	at org.testng.SuiteRunner.privateRun(SuiteRunner.java:292)
	at org.testng.SuiteRunner.run(SuiteRunner.java:198)
	at org.testng.TestNG.createAndRunSuiteRunners(TestNG.java:821)
	at org.testng.TestNG.runSuitesLocally(TestNG.java:788)
	at org.testng.TestNG.run(TestNG.java:708)
	at org.apache.maven.surefire.testng.TestNGExecutor.run(TestNGExecutor.java:60)
	at org.apache.maven.surefire.testng.TestNGDirectoryTestSuite.executeMulti(TestNGDirectoryTestSuite.java:153)
	at org.apache.maven.surefire.testng.TestNGDirectoryTestSuite.execute(TestNGDirectoryTestSuite.java:99)
	at org.apache.maven.surefire.testng.TestNGProvider.invoke(TestNGProvider.java:111)
	at sun.reflect.NativeMethodAccessorImpl.invoke0(Native Method)
	at sun.reflect.NativeMethodAccessorImpl.invoke(NativeMethodAccessorImpl.java:39)
	at sun.reflect.DelegatingMethodAccessorImpl.invoke(DelegatingMethodAccessorImpl.java:25)
	at java.lang.reflect.Method.invoke(Method.java:597)
	at org.apache.maven.surefire.booter.ProviderFactory$ClassLoaderProxy.invoke(ProviderFactory.java:103)
	at $Proxy0.invoke(Unknown Source)
	at org.apache.maven.surefire.booter.SurefireStarter.invokeProvider(SurefireStarter.java:150)
	at org.apache.maven.surefire.booter.SurefireStarter.runSuitesInProcess(SurefireStarter.java:91)
	at org.apache.maven.surefire.booter.ForkedBooter.main(ForkedBooter.java:69)
]]>
            </full-stacktrace>
          </exception>
        </test-method>
      </class>
      <class name="com.rop.other.FunctionTest">
        <test-method status="PASS" signature="testStringSplit()" name="testStringSplit" duration-ms="0" started-at="2012-11-15T20:16:09Z" finished-at="2012-11-15T20:16:09Z">
        </test-method>
        <test-method status="PASS" signature="testArrayToList()" name="testArrayToList" duration-ms="0" started-at="2012-11-15T20:16:09Z" finished-at="2012-11-15T20:16:09Z">
        </test-method>
      </class>
      <class name="com.rop.impl.DefaultRopContextTest">
        <test-method status="PASS" signature="annotationTest()" name="annotationTest" duration-ms="3" started-at="2012-11-15T20:16:08Z" finished-at="2012-11-15T20:16:08Z">
        </test-method>
        <test-method status="PASS" signature="testIngoreSignField()" name="testIngoreSignField" duration-ms="4" started-at="2012-11-15T20:16:08Z" finished-at="2012-11-15T20:16:08Z">
        </test-method>
        <test-method status="PASS" signature="testWithGroupService()" name="testWithGroupService" duration-ms="195" started-at="2012-11-15T20:16:08Z" finished-at="2012-11-15T20:16:08Z">
        </test-method>
        <test-method status="PASS" signature="testWithoutGroupService()" name="testWithoutGroupService" duration-ms="2" started-at="2012-11-15T20:16:08Z" finished-at="2012-11-15T20:16:08Z">
        </test-method>
      </class>
      <class name="com.rop.concurrent.FetureTest">
        <test-method status="PASS" signature="testFetureInterrupt()" name="testFetureInterrupt" duration-ms="207" started-at="2012-11-15T20:16:08Z" finished-at="2012-11-15T20:16:08Z">
        </test-method>
      </class>
      <class name="com.rop.marshaller.JaxbXmlRopResponseMarshallerTest">
        <test-method status="PASS" signature="buildMarshaller()" name="buildMarshaller" duration-ms="9" started-at="2012-11-15T20:16:09Z" finished-at="2012-11-15T20:16:09Z">
        </test-method>
      </class>
      <class name="com.rop.impl.RopRequestMessageConverterTest">
        <test-method status="PASS" signature="testConvertOfXmlFormat()" name="testConvertOfXmlFormat" duration-ms="1" started-at="2012-11-15T20:16:09Z" finished-at="2012-11-15T20:16:09Z">
        </test-method>
        <test-method status="PASS" signature="testConvertOfJsonFormat()" name="testConvertOfJsonFormat" duration-ms="79" started-at="2012-11-15T20:16:09Z" finished-at="2012-11-15T20:16:09Z">
        </test-method>
      </class>
      <class name="com.rop.marshaller.MessageMarshallerUtilsTest">
        <test-method status="PASS" signature="testMarshallerRopRequest()" name="testMarshallerRopRequest" duration-ms="261" started-at="2012-11-15T20:16:09Z" finished-at="2012-11-15T20:16:09Z">
        </test-method>
        <test-method status="PASS" signature="testMarshallerRopResponse()" name="testMarshallerRopResponse" duration-ms="8" started-at="2012-11-15T20:16:09Z" finished-at="2012-11-15T20:16:09Z">
        </test-method>
      </class>
    </test>
  </suite>
</testng-results>
