<html>
<head>
<title>TestNG:  Command line test</title>
<link href="../testng.css" rel="stylesheet" type="text/css" />
<link href="../my-testng.css" rel="stylesheet" type="text/css" />

<style type="text/css">
.log { display: none;} 
.stack-trace { display: none;} 
</style>
<script type="text/javascript">
<!--
function flip(e) {
  current = e.style.display;
  if (current == 'block') {
    e.style.display = 'none';
    return 0;
  }
  else {
    e.style.display = 'block';
    return 1;
  }
}

function toggleBox(szDivId, elem, msg1, msg2)
{
  var res = -1;  if (document.getElementById) {
    res = flip(document.getElementById(szDivId));
  }
  else if (document.all) {
    // this is the way old msie versions work
    res = flip(document.all[szDivId]);
  }
  if(elem) {
    if(res == 0) elem.innerHTML = msg1; else elem.innerHTML = msg2;
  }

}

function toggleAllBoxes() {
  if (document.getElementsByTagName) {
    d = document.getElementsByTagName('div');
    for (i = 0; i < d.length; i++) {
      if (d[i].className == 'log') {
        flip(d[i]);
      }
    }
  }
}

// -->
</script>

</head>
<body>
<h2 align='center'>Command line test</h2><table border='1' align="center">
<tr>
<td>Tests passed/Failed/Skipped:</td><td>23/0/0</td>
</tr><tr>
<td>Started on:</td><td>Thu Nov 15 20:16:08 GMT+08:00 2012</td>
</tr>
<tr><td>Total time:</td><td>1 seconds (1210 ms)</td>
</tr><tr>
<td>Included groups:</td><td></td>
</tr><tr>
<td>Excluded groups:</td><td></td>
</tr>
</table><p/>
<small><i>(Hover the method name to see the test class name)</i></small><p/>
<table width='100%' border='1' class='invocation-passed'>
<tr><td colspan='3' align='center'><b>PASSED TESTS</b></td></tr>
<tr><td><b>Test method</b></td>
<td width="10%"><b>Time (seconds)</b></td>
<td width="30%"><b>Exception</b></td>
</tr>
<tr>
<td title='com.rop.impl.DefaultRopContextTest.annotationTest()'>annotationTest</td>
<td>0</td>
<td></td>
</tr>
<tr>
<td title='com.rop.marshaller.JaxbXmlRopResponseMarshallerTest.buildMarshaller()'>buildMarshaller</td>
<td>0</td>
<td></td>
</tr>
<tr>
<td title='com.rop.annotation.HttpActionTest.invalidValueOf()'>invalidValueOf</td>
<td>0</td>
<td><div><pre>java.lang.IllegalArgumentException: No enum const class com.rop.annotation.HttpAction.get
	at java.lang.Enum.valueOf(Enum.java:196)
	at com.rop.annotation.HttpAction.valueOf(HttpAction.java:15)
	at com.rop.annotation.HttpActionTest.invalidValueOf(HttpActionTest.java:28)
	at org.apache.maven.surefire.testng.TestNGExecutor.run(TestNGExecutor.java:60)
	at org.apache.maven.surefire.testng.TestNGDirectoryTestSuite.executeMulti(TestNGDirectoryTestSuite.java:153)
	at org.apache.maven.surefire.testng.TestNGDirectoryTestSuite.execute(TestNGDirectoryTestSuite.java:99)
	at org.apache.maven.surefire.testng.TestNGProvider.invoke(TestNGProvider.java:111)
	at org.apache.maven.surefire.booter.ProviderFactory$ClassLoaderProxy.invoke(ProviderFactory.java:103)
	at $Proxy0.invoke(Unknown Source)
	at org.apache.maven.surefire.booter.SurefireStarter.invokeProvider(SurefireStarter.java:150)
	at org.apache.maven.surefire.booter.SurefireStarter.runSuitesInProcess(SurefireStarter.java:91)
	at org.apache.maven.surefire.booter.ForkedBooter.main(ForkedBooter.java:69)
... Removed 24 stack frames</pre></div><a href='#' onClick='toggleBox("stack-trace2030276071", this, "Click to show all stack frames", "Click to hide stack frames")'>Click to show all stack frames</a>
<div class='stack-trace' id='stack-trace2030276071'><pre>java.lang.IllegalArgumentException: No enum const class com.rop.annotation.HttpAction.get
	at java.lang.Enum.valueOf(Enum.java:196)
	at com.rop.annotation.HttpAction.valueOf(HttpAction.java:15)
	at com.rop.annotation.HttpActionTest.invalidValueOf(HttpActionTest.java:28)
	at sun.reflect.NativeMethodAccessorImpl.invoke0(Native Method)
	at sun.reflect.NativeMethodAccessorImpl.invoke(NativeMethodAccessorImpl.java:39)
	at sun.reflect.DelegatingMethodAccessorImpl.invoke(DelegatingMethodAccessorImpl.java:25)
	at java.lang.reflect.Method.invoke(Method.java:597)
	at org.testng.internal.MethodHelper.invokeMethod(MethodHelper.java:580)
	at org.testng.internal.Invoker.invokeMethod(Invoker.java:478)
	at org.testng.internal.Invoker.invokeTestMethod(Invoker.java:617)
	at org.testng.internal.Invoker.invokeTestMethods(Invoker.java:885)
	at org.testng.internal.TestMethodWorker.invokeTestMethods(TestMethodWorker.java:126)
	at org.testng.internal.TestMethodWorker.run(TestMethodWorker.java:110)
	at org.testng.TestRunner.runWorkers(TestRunner.java:712)
	at org.testng.TestRunner.privateRun(TestRunner.java:582)
	at org.testng.TestRunner.run(TestRunner.java:477)
	at org.testng.SuiteRunner.runTest(SuiteRunner.java:324)
	at org.testng.SuiteRunner.runSequentially(SuiteRunner.java:319)
	at org.testng.SuiteRunner.privateRun(SuiteRunner.java:292)
	at org.testng.SuiteRunner.run(SuiteRunner.java:198)
	at org.testng.TestNG.createAndRunSuiteRunners(TestNG.java:821)
	at org.testng.TestNG.runSuitesLocally(TestNG.java:788)
	at org.testng.TestNG.run(TestNG.java:708)
	at org.apache.maven.surefire.testng.TestNGExecutor.run(TestNGExecutor.java:60)
	at org.apache.maven.surefire.testng.TestNGDirectoryTestSuite.executeMulti(TestNGDirectoryTestSuite.java:153)
	at org.apache.maven.surefire.testng.TestNGDirectoryTestSuite.execute(TestNGDirectoryTestSuite.java:99)
	at org.apache.maven.surefire.testng.TestNGProvider.invoke(TestNGProvider.java:111)
	at sun.reflect.NativeMethodAccessorImpl.invoke0(Native Method)
	at sun.reflect.NativeMethodAccessorImpl.invoke(NativeMethodAccessorImpl.java:39)
	at sun.reflect.DelegatingMethodAccessorImpl.invoke(DelegatingMethodAccessorImpl.java:25)
	at java.lang.reflect.Method.invoke(Method.java:597)
	at org.apache.maven.surefire.booter.ProviderFactory$ClassLoaderProxy.invoke(ProviderFactory.java:103)
	at $Proxy0.invoke(Unknown Source)
	at org.apache.maven.surefire.booter.SurefireStarter.invokeProvider(SurefireStarter.java:150)
	at org.apache.maven.surefire.booter.SurefireStarter.runSuitesInProcess(SurefireStarter.java:91)
	at org.apache.maven.surefire.booter.ForkedBooter.main(ForkedBooter.java:69)
</pre></div></td>
</tr>
<tr>
<td title='com.rop.other.ClassTest.modeInt()'>modeInt</td>
<td>0</td>
<td></td>
</tr>
<tr>
<td title='com.rop.other.FunctionTest.testArrayToList()'>testArrayToList</td>
<td>0</td>
<td></td>
</tr>
<tr>
<td title='com.rop.other.ClassTest.testAssignableFrom()'>testAssignableFrom</td>
<td>0</td>
<td></td>
</tr>
<tr>
<td title='com.rop.impl.ServletRequestContextBuilderTest.testBindBusinessParams()'>testBindBusinessParams</td>
<td>0</td>
<td></td>
</tr>
<tr>
<td title='com.rop.impl.ServletRequestContextBuilderTest.testBuildBySysParams1()'>testBuildBySysParams1</td>
<td>0</td>
<td></td>
</tr>
<tr>
<td title='com.rop.impl.ServletRequestContextBuilderTest.testBuildBySysParams2()'>testBuildBySysParams2</td>
<td>0</td>
<td></td>
</tr>
<tr>
<td title='com.rop.impl.ServletRequestContextBuilderTest.testBuildBySysParams3()'>testBuildBySysParams3</td>
<td>0</td>
<td><div><pre>java.lang.IllegalArgumentException: 请求对象必须是HttpServletRequest的类型
	at com.rop.impl.ServletRequestContextBuilder.buildBySysParams(ServletRequestContextBuilder.java:62)
	at com.rop.impl.ServletRequestContextBuilderTest.testBuildBySysParams3(ServletRequestContextBuilderTest.java:149)
	at org.apache.maven.surefire.testng.TestNGExecutor.run(TestNGExecutor.java:60)
	at org.apache.maven.surefire.testng.TestNGDirectoryTestSuite.executeMulti(TestNGDirectoryTestSuite.java:153)
	at org.apache.maven.surefire.testng.TestNGDirectoryTestSuite.execute(TestNGDirectoryTestSuite.java:99)
	at org.apache.maven.surefire.testng.TestNGProvider.invoke(TestNGProvider.java:111)
	at org.apache.maven.surefire.booter.ProviderFactory$ClassLoaderProxy.invoke(ProviderFactory.java:103)
	at $Proxy0.invoke(Unknown Source)
	at org.apache.maven.surefire.booter.SurefireStarter.invokeProvider(SurefireStarter.java:150)
	at org.apache.maven.surefire.booter.SurefireStarter.runSuitesInProcess(SurefireStarter.java:91)
	at org.apache.maven.surefire.booter.ForkedBooter.main(ForkedBooter.java:69)
... Removed 24 stack frames</pre></div><a href='#' onClick='toggleBox("stack-trace693781795", this, "Click to show all stack frames", "Click to hide stack frames")'>Click to show all stack frames</a>
<div class='stack-trace' id='stack-trace693781795'><pre>java.lang.IllegalArgumentException: 请求对象必须是HttpServletRequest的类型
	at com.rop.impl.ServletRequestContextBuilder.buildBySysParams(ServletRequestContextBuilder.java:62)
	at com.rop.impl.ServletRequestContextBuilderTest.testBuildBySysParams3(ServletRequestContextBuilderTest.java:149)
	at sun.reflect.NativeMethodAccessorImpl.invoke0(Native Method)
	at sun.reflect.NativeMethodAccessorImpl.invoke(NativeMethodAccessorImpl.java:39)
	at sun.reflect.DelegatingMethodAccessorImpl.invoke(DelegatingMethodAccessorImpl.java:25)
	at java.lang.reflect.Method.invoke(Method.java:597)
	at org.testng.internal.MethodHelper.invokeMethod(MethodHelper.java:580)
	at org.testng.internal.Invoker.invokeMethod(Invoker.java:478)
	at org.testng.internal.Invoker.invokeTestMethod(Invoker.java:617)
	at org.testng.internal.Invoker.invokeTestMethods(Invoker.java:885)
	at org.testng.internal.TestMethodWorker.invokeTestMethods(TestMethodWorker.java:126)
	at org.testng.internal.TestMethodWorker.run(TestMethodWorker.java:110)
	at org.testng.TestRunner.runWorkers(TestRunner.java:712)
	at org.testng.TestRunner.privateRun(TestRunner.java:582)
	at org.testng.TestRunner.run(TestRunner.java:477)
	at org.testng.SuiteRunner.runTest(SuiteRunner.java:324)
	at org.testng.SuiteRunner.runSequentially(SuiteRunner.java:319)
	at org.testng.SuiteRunner.privateRun(SuiteRunner.java:292)
	at org.testng.SuiteRunner.run(SuiteRunner.java:198)
	at org.testng.TestNG.createAndRunSuiteRunners(TestNG.java:821)
	at org.testng.TestNG.runSuitesLocally(TestNG.java:788)
	at org.testng.TestNG.run(TestNG.java:708)
	at org.apache.maven.surefire.testng.TestNGExecutor.run(TestNGExecutor.java:60)
	at org.apache.maven.surefire.testng.TestNGDirectoryTestSuite.executeMulti(TestNGDirectoryTestSuite.java:153)
	at org.apache.maven.surefire.testng.TestNGDirectoryTestSuite.execute(TestNGDirectoryTestSuite.java:99)
	at org.apache.maven.surefire.testng.TestNGProvider.invoke(TestNGProvider.java:111)
	at sun.reflect.NativeMethodAccessorImpl.invoke0(Native Method)
	at sun.reflect.NativeMethodAccessorImpl.invoke(NativeMethodAccessorImpl.java:39)
	at sun.reflect.DelegatingMethodAccessorImpl.invoke(DelegatingMethodAccessorImpl.java:25)
	at java.lang.reflect.Method.invoke(Method.java:597)
	at org.apache.maven.surefire.booter.ProviderFactory$ClassLoaderProxy.invoke(ProviderFactory.java:103)
	at $Proxy0.invoke(Unknown Source)
	at org.apache.maven.surefire.booter.SurefireStarter.invokeProvider(SurefireStarter.java:150)
	at org.apache.maven.surefire.booter.SurefireStarter.runSuitesInProcess(SurefireStarter.java:91)
	at org.apache.maven.surefire.booter.ForkedBooter.main(ForkedBooter.java:69)
</pre></div></td>
</tr>
<tr>
<td title='com.rop.impl.RopRequestMessageConverterTest.testConvertOfJsonFormat()'>testConvertOfJsonFormat</td>
<td>0</td>
<td></td>
</tr>
<tr>
<td title='com.rop.impl.RopRequestMessageConverterTest.testConvertOfXmlFormat()'>testConvertOfXmlFormat</td>
<td>0</td>
<td></td>
</tr>
<tr>
<td title='com.rop.impl.FormattingConversionServiceTest.testDoBind()'>testDoBind</td>
<td>0</td>
<td></td>
</tr>
<tr>
<td title='com.rop.concurrent.FetureTest.testFetureInterrupt()'>testFetureInterrupt</td>
<td>0</td>
<td></td>
</tr>
<tr>
<td title='com.rop.impl.DefaultRopContextTest.testIngoreSignField()'>testIngoreSignField</td>
<td>0</td>
<td></td>
</tr>
<tr>
<td title='com.rop.impl.ServletRequestContextBuilderTest.testIpParsed()'>testIpParsed</td>
<td>0</td>
<td></td>
</tr>
<tr>
<td title='com.rop.marshaller.MessageMarshallerUtilsTest.testMarshallerRopRequest()'>testMarshallerRopRequest</td>
<td>0</td>
<td></td>
</tr>
<tr>
<td title='com.rop.marshaller.MessageMarshallerUtilsTest.testMarshallerRopResponse()'>testMarshallerRopResponse</td>
<td>0</td>
<td></td>
</tr>
<tr>
<td title='com.rop.client.DefaultRopClientTest.testPostWithSession()'>testPostWithSession</td>
<td>0</td>
<td></td>
</tr>
<tr>
<td title='com.rop.other.FunctionTest.testStringSplit()'>testStringSplit</td>
<td>0</td>
<td></td>
</tr>
<tr>
<td title='com.rop.annotation.HttpActionTest.testValueOf()'>testValueOf</td>
<td>0</td>
<td></td>
</tr>
<tr>
<td title='com.rop.impl.DefaultRopContextTest.testWithGroupService()'>testWithGroupService</td>
<td>0</td>
<td></td>
</tr>
<tr>
<td title='com.rop.impl.DefaultRopContextTest.testWithoutGroupService()'>testWithoutGroupService</td>
<td>0</td>
<td></td>
</tr>
</table><p>
</body>
</html>